{
  "RSpec": {
    "coverage": {
      "/Users/nickdyer/projects/yelp_clone/config/environment.rb": [
        null,
        1,
        null,
        null,
        1
      ],
      "/Users/nickdyer/projects/yelp_clone/config/application.rb": [
        1,
        null,
        null,
        1,
        1,
        1,
        1,
        1,
        1,
        null,
        null,
        null,
        null,
        1,
        null,
        1,
        1,
        null,
        null,
        null,
        null,
        null,
        null,
        null,
        null,
        null,
        null,
        null,
        null,
        null
      ],
      "/Users/nickdyer/projects/yelp_clone/config/boot.rb": [
        null,
        1,
        null,
        1
      ],
      "/Users/nickdyer/projects/yelp_clone/config/environments/test.rb": [
        1,
        null,
        null,
        null,
        null,
        null,
        null,
        1,
        null,
        null,
        null,
        null,
        1,
        null,
        null,
        1,
        1,
        null,
        null,
        1,
        1,
        null,
        null,
        1,
        null,
        null,
        1,
        null,
        null,
        null,
        null,
        1,
        null,
        null,
        1,
        null,
        null,
        null,
        null
      ],
      "/Users/nickdyer/projects/yelp_clone/config/initializers/assets.rb": [
        null,
        null,
        null,
        1,
        null,
        null,
        null,
        null
      ],
      "/Users/nickdyer/projects/yelp_clone/config/initializers/backtrace_silencers.rb": [
        null,
        null,
        null,
        null,
        null,
        null,
        null
      ],
      "/Users/nickdyer/projects/yelp_clone/config/initializers/cookies_serializer.rb": [
        null,
        null,
        1
      ],
      "/Users/nickdyer/projects/yelp_clone/config/initializers/devise.rb": [
        null,
        null,
        1,
        null,
        null,
        null,
        null,
        null,
        1,
        null,
        null,
        null,
        null,
        null,
        1,
        null,
        null,
        null,
        null,
        null,
        null,
        null,
        null,
        1,
        null,
        null,
        null,
        null,
        null,
        null,
        null,
        null,
        null,
        null,
        null,
        null,
        null,
        null,
        null,
        null,
        null,
        null,
        null,
        null,
        null,
        1,
        null,
        null,
        null,
        null,
        1,
        null,
        null,
        null,
        null,
        null,
        null,
        null,
        null,
        null,
        null,
        null,
        null,
        null,
        null,
        null,
        null,
        null,
        null,
        null,
        null,
        null,
        null,
        null,
        null,
        null,
        null,
        null,
        null,
        null,
        null,
        1,
        null,
        null,
        null,
        null,
        null,
        null,
        null,
        null,
        null,
        null,
        null,
        null,
        null,
        null,
        null,
        null,
        1,
        null,
        null,
        null,
        null,
        null,
        null,
        null,
        null,
        null,
        null,
        null,
        null,
        null,
        null,
        null,
        null,
        null,
        null,
        null,
        null,
        null,
        null,
        null,
        null,
        1,
        null,
        null,
        null,
        null,
        null,
        null,
        null,
        null,
        null,
        1,
        null,
        null,
        null,
        null,
        null,
        null,
        null,
        null,
        null,
        null,
        1,
        null,
        null,
        null,
        null,
        null,
        null,
        null,
        null,
        null,
        null,
        null,
        null,
        null,
        null,
        null,
        null,
        null,
        null,
        null,
        null,
        null,
        null,
        null,
        null,
        null,
        null,
        null,
        null,
        null,
        null,
        null,
        null,
        null,
        null,
        null,
        null,
        null,
        null,
        null,
        null,
        null,
        null,
        null,
        null,
        null,
        null,
        null,
        null,
        1,
        null,
        null,
        null,
        null,
        null,
        null,
        null,
        null,
        null,
        null,
        null,
        null,
        null,
        null,
        null,
        null,
        null,
        null,
        null,
        null,
        null,
        null,
        null,
        null,
        null,
        null,
        null,
        null,
        null,
        null,
        null,
        null,
        null,
        null,
        null,
        null,
        null,
        1,
        null,
        null,
        null,
        null,
        null,
        null,
        null,
        null,
        null,
        null,
        null,
        null,
        null,
        null,
        null,
        null,
        null,
        null,
        null,
        null,
        null,
        null,
        null,
        null,
        null,
        null,
        null,
        null,
        null
      ],
      "/Users/nickdyer/projects/yelp_clone/config/initializers/filter_parameter_logging.rb": [
        null,
        null,
        null,
        1
      ],
      "/Users/nickdyer/projects/yelp_clone/config/initializers/inflections.rb": [
        null,
        null,
        null,
        null,
        null,
        null,
        null,
        null,
        null,
        null,
        null,
        null,
        null,
        null,
        null,
        null
      ],
      "/Users/nickdyer/projects/yelp_clone/config/initializers/mime_types.rb": [
        null,
        null,
        null,
        null
      ],
      "/Users/nickdyer/projects/yelp_clone/config/initializers/paperclip.rb": [
        1
      ],
      "/Users/nickdyer/projects/yelp_clone/config/initializers/session_store.rb": [
        null,
        null,
        1
      ],
      "/Users/nickdyer/projects/yelp_clone/config/initializers/wrap_parameters.rb": [
        null,
        null,
        null,
        null,
        null,
        null,
        1,
        1,
        null,
        null,
        null,
        null,
        null,
        null
      ],
      "/Users/nickdyer/projects/yelp_clone/config/routes.rb": [
        1,
        1,
        null,
        null,
        null,
        null,
        null,
        1,
        null,
        null,
        null,
        null,
        null,
        null,
        null,
        null,
        null,
        null,
        null,
        1,
        1,
        1,
        null,
        null,
        null,
        null,
        null,
        null,
        null,
        null,
        null,
        null,
        null,
        null,
        null,
        null,
        null,
        null,
        null,
        null,
        null,
        null,
        null,
        null,
        null,
        null,
        null,
        null,
        null,
        null,
        null,
        null,
        null,
        null,
        null,
        null,
        null,
        null,
        null,
        null,
        null,
        null,
        null,
        null,
        null
      ],
      "/Users/nickdyer/projects/yelp_clone/app/models/user.rb": [
        1,
        null,
        null,
        1,
        null,
        null,
        null,
        null,
        1,
        1,
        null,
        null,
        1,
        0,
        0,
        0,
        null,
        null,
        null,
        null,
        null,
        1,
        4,
        4,
        0,
        null,
        null,
        null,
        null,
        null
      ],
      "/Users/nickdyer/projects/yelp_clone/app/helpers/application_helper.rb": [
        1,
        null
      ],
      "/Users/nickdyer/projects/yelp_clone/app/helpers/endorsements_helper.rb": [
        1,
        null
      ],
      "/Users/nickdyer/projects/yelp_clone/app/helpers/restaurants_helper.rb": [
        1,
        null
      ],
      "/Users/nickdyer/projects/yelp_clone/app/helpers/reviews_helper.rb": [
        1,
        null,
        1,
        68,
        25,
        25,
        null,
        null,
        null
      ],
      "/Users/nickdyer/projects/yelp_clone/app/models/restaurant.rb": [
        1,
        null,
        1,
        null,
        1,
        null,
        1,
        1,
        null,
        1,
        null,
        null,
        1,
        67,
        24,
        null,
        null
      ],
      "/Users/nickdyer/projects/yelp_clone/app/models/review.rb": [
        1,
        null,
        1,
        1,
        null,
        1,
        null,
        1,
        null,
        null
      ],
      "/Users/nickdyer/projects/yelp_clone/app/controllers/restaurants_controller.rb": [
        1,
        null,
        1,
        null,
        1,
        80,
        null,
        null,
        1,
        1,
        null,
        null,
        1,
        2,
        null,
        null,
        1,
        2,
        2,
        2,
        1,
        null,
        1,
        null,
        null,
        null,
        null,
        1,
        3,
        null,
        null,
        1,
        2,
        2,
        1,
        1,
        null,
        null,
        null,
        1,
        1,
        1,
        null,
        1,
        null,
        null,
        1,
        2,
        2,
        1,
        1,
        null,
        1,
        1,
        1,
        null,
        null,
        null,
        null,
        null
      ],
      "/Users/nickdyer/projects/yelp_clone/app/controllers/application_controller.rb": [
        1,
        null,
        null,
        1,
        null
      ],
      "/Users/nickdyer/projects/yelp_clone/app/models/endorsement.rb": [
        1,
        1,
        null
      ],
      "/Users/nickdyer/projects/yelp_clone/app/controllers/endorsements_controller.rb": [
        1,
        null,
        1,
        1,
        1,
        1,
        null,
        null,
        null
      ],
      "/Users/nickdyer/projects/yelp_clone/app/controllers/reviews_controller.rb": [
        1,
        null,
        1,
        9,
        9,
        1,
        1,
        8,
        1,
        1,
        null,
        7,
        null,
        null,
        null,
        1,
        7,
        7,
        7,
        null,
        null,
        1,
        7,
        null,
        null,
        1,
        3,
        3,
        1,
        1,
        2,
        1,
        1,
        null,
        1,
        1,
        1,
        null,
        null,
        null,
        null,
        null
      ]
    },
    "timestamp": 1422954455
  }
}
